  [1m[35m (0.5ms)[0m  [1m[34mSELECT sqlite_version(*)[0m
  [1m[35m (2.8ms)[0m  [1m[35mCREATE TABLE "schema_migrations" ("version" varchar NOT NULL PRIMARY KEY)[0m
  [1m[35m (1.7ms)[0m  [1m[35mCREATE TABLE "ar_internal_metadata" ("key" varchar NOT NULL PRIMARY KEY, "value" varchar, "created_at" datetime NOT NULL, "updated_at" datetime NOT NULL)[0m
  [1m[35m (0.1ms)[0m  [1m[34mSELECT "schema_migrations"."version" FROM "schema_migrations" ORDER BY "schema_migrations"."version" ASC[0m
Migrating to CreateProducts (20181109162929)
  [1m[35m (0.0ms)[0m  [1m[36mbegin transaction[0m
  [1m[35m (0.3ms)[0m  [1m[35mCREATE TABLE "products" ("id" INTEGER PRIMARY KEY AUTOINCREMENT NOT NULL, "title" varchar, "description" text, "image_url" varchar, "price" decimal(8,2), "created_at" datetime NOT NULL, "updated_at" datetime NOT NULL)[0m
  [1m[35mSQL (0.1ms)[0m  [1m[32mINSERT INTO "schema_migrations" ("version") VALUES (?)[0m  [["version", "20181109162929"]]
  [1m[35m (1.3ms)[0m  [1m[36mcommit transaction[0m
  [1m[36mActiveRecord::InternalMetadata Load (0.1ms)[0m  [1m[34mSELECT  "ar_internal_metadata".* FROM "ar_internal_metadata" WHERE "ar_internal_metadata"."key" = ? LIMIT ?[0m  [["key", "environment"], ["LIMIT", 1]]
  [1m[35m (0.0ms)[0m  [1m[36mbegin transaction[0m
  [1m[35mSQL (0.3ms)[0m  [1m[32mINSERT INTO "ar_internal_metadata" ("key", "value", "created_at", "updated_at") VALUES (?, ?, ?, ?)[0m  [["key", "environment"], ["value", "development"], ["created_at", "2018-11-09 16:56:28.243626"], ["updated_at", "2018-11-09 16:56:28.243626"]]
  [1m[35m (1.4ms)[0m  [1m[36mcommit transaction[0m
  [1m[35m (0.1ms)[0m  [1m[34mSELECT "schema_migrations"."version" FROM "schema_migrations" ORDER BY "schema_migrations"."version" ASC[0m
Started GET "/" for 127.0.0.1 at 2018-11-09 17:57:32 +0100
  [1m[35m (0.1ms)[0m  [1m[34mSELECT "schema_migrations"."version" FROM "schema_migrations" ORDER BY "schema_migrations"."version" ASC[0m
Processing by Rails::WelcomeController#index as HTML
  Rendering /Users/kemal.afacan/.rbenv/versions/2.4.1/lib/ruby/gems/2.4.0/gems/railties-5.1.6/lib/rails/templates/rails/welcome/index.html.erb
  Rendered /Users/kemal.afacan/.rbenv/versions/2.4.1/lib/ruby/gems/2.4.0/gems/railties-5.1.6/lib/rails/templates/rails/welcome/index.html.erb (3.0ms)
Completed 200 OK in 21ms (Views: 8.8ms | ActiveRecord: 0.0ms)


Started GET "/" for 127.0.0.1 at 2018-11-09 17:57:57 +0100
Processing by Rails::WelcomeController#index as HTML
  Rendering /Users/kemal.afacan/.rbenv/versions/2.4.1/lib/ruby/gems/2.4.0/gems/railties-5.1.6/lib/rails/templates/rails/welcome/index.html.erb
  Rendered /Users/kemal.afacan/.rbenv/versions/2.4.1/lib/ruby/gems/2.4.0/gems/railties-5.1.6/lib/rails/templates/rails/welcome/index.html.erb (2.2ms)
Completed 200 OK in 9ms (Views: 5.5ms | ActiveRecord: 0.0ms)


Started GET "/products" for 127.0.0.1 at 2018-11-09 17:58:00 +0100
Processing by ProductsController#index as HTML
  Rendering products/index.html.erb within layouts/application
  [1m[36mProduct Load (0.1ms)[0m  [1m[34mSELECT "products".* FROM "products"[0m
  Rendered products/index.html.erb within layouts/application (3.0ms)
Completed 200 OK in 561ms (Views: 554.4ms | ActiveRecord: 0.6ms)


Started GET "/products/new" for 127.0.0.1 at 2018-11-09 17:58:07 +0100
Processing by ProductsController#new as HTML
  Rendering products/new.html.erb within layouts/application
  Rendered products/_form.html.erb (14.8ms)
  Rendered products/new.html.erb within layouts/application (17.6ms)
Completed 200 OK in 47ms (Views: 35.7ms | ActiveRecord: 0.4ms)


Started GET "/products" for 127.0.0.1 at 2018-11-09 17:58:13 +0100
Processing by ProductsController#index as HTML
  Rendering products/index.html.erb within layouts/application
  [1m[36mProduct Load (0.4ms)[0m  [1m[34mSELECT "products".* FROM "products"[0m
  Rendered products/index.html.erb within layouts/application (2.2ms)
Completed 200 OK in 35ms (Views: 31.0ms | ActiveRecord: 0.4ms)


Started GET "/products/new" for 127.0.0.1 at 2018-11-09 17:58:55 +0100
Processing by ProductsController#new as HTML
  Rendering products/new.html.erb within layouts/application
  Rendered products/_form.html.erb (3.7ms)
  Rendered products/new.html.erb within layouts/application (8.2ms)
Completed 200 OK in 48ms (Views: 43.1ms | ActiveRecord: 0.0ms)


Started POST "/products" for 127.0.0.1 at 2018-11-09 18:00:31 +0100
Processing by ProductsController#create as HTML
  Parameters: {"utf8"=>"✓", "authenticity_token"=>"Q2qEsw37yAAHmgn9smnW9Al0g/qFu080mwZxfSP4lndLt0wSS0PrbLhWPeHunWA0EASzJVPEerFL4qTq8hF3Iw==", "product"=>{"title"=>"Apples", "description"=>"Fresh red and sweet apples.", "image_url"=>"https://img.huffingtonpost.com/asset/5b7ad435200000420034abec.jpeg", "price"=>"1.99"}, "commit"=>"Create Product"}
  [1m[35m (0.1ms)[0m  [1m[36mbegin transaction[0m
  [1m[35mSQL (0.6ms)[0m  [1m[32mINSERT INTO "products" ("title", "description", "image_url", "price", "created_at", "updated_at") VALUES (?, ?, ?, ?, ?, ?)[0m  [["title", "Apples"], ["description", "Fresh red and sweet apples."], ["image_url", "https://img.huffingtonpost.com/asset/5b7ad435200000420034abec.jpeg"], ["price", 1.99], ["created_at", "2018-11-09 17:00:31.138293"], ["updated_at", "2018-11-09 17:00:31.138293"]]
  [1m[35m (1.4ms)[0m  [1m[36mcommit transaction[0m
Redirected to http://localhost:3000/products/1
Completed 302 Found in 8ms (ActiveRecord: 2.1ms)


Started GET "/products/1" for 127.0.0.1 at 2018-11-09 18:00:31 +0100
Processing by ProductsController#show as HTML
  Parameters: {"id"=>"1"}
  [1m[36mProduct Load (0.2ms)[0m  [1m[34mSELECT  "products".* FROM "products" WHERE "products"."id" = ? LIMIT ?[0m  [["id", 1], ["LIMIT", 1]]
  Rendering products/show.html.erb within layouts/application
  Rendered products/show.html.erb within layouts/application (1.0ms)
Completed 200 OK in 29ms (Views: 21.5ms | ActiveRecord: 0.2ms)


Started GET "/products" for 127.0.0.1 at 2018-11-09 18:01:02 +0100
Processing by ProductsController#index as HTML
  Rendering products/index.html.erb within layouts/application
  [1m[36mProduct Load (0.2ms)[0m  [1m[34mSELECT "products".* FROM "products"[0m
  Rendered products/index.html.erb within layouts/application (2.7ms)
Completed 200 OK in 30ms (Views: 25.0ms | ActiveRecord: 0.2ms)


Started GET "/products" for 127.0.0.1 at 2018-11-09 18:03:07 +0100
  [1m[35m (0.1ms)[0m  [1m[34mSELECT "schema_migrations"."version" FROM "schema_migrations" ORDER BY "schema_migrations"."version" ASC[0m
Processing by ProductsController#index as HTML
  Rendering products/index.html.erb within layouts/application
  [1m[36mProduct Load (0.2ms)[0m  [1m[34mSELECT "products".* FROM "products"[0m
  Rendered products/index.html.erb within layouts/application (11.9ms)
Completed 200 OK in 230ms (Views: 217.0ms | ActiveRecord: 0.8ms)


Started GET "/products/new" for 127.0.0.1 at 2018-11-09 18:03:13 +0100
Processing by ProductsController#new as HTML
  Rendering products/new.html.erb within layouts/application
  Rendered products/_form.html.erb (12.7ms)
  Rendered products/new.html.erb within layouts/application (17.7ms)
Completed 200 OK in 47ms (Views: 42.9ms | ActiveRecord: 0.0ms)


Started POST "/products" for 127.0.0.1 at 2018-11-09 18:07:00 +0100
Processing by ProductsController#create as HTML
  Parameters: {"utf8"=>"✓", "authenticity_token"=>"H5fTf50kxvAc5lrbW4A5KdNWUPSdM+R/1meydQH0lTgXShve25zlnKMqbscHdI/pyiZgK0tM0foGg2fi0B10bA==", "product"=>{"title"=>"Pineapple", "description"=>"<p>\r\n<em>Golden pineapples from Spain </em>\r\nGreat organic pineapples from Spain without even the..\r\n</p>", "image_url"=>"Pineapple_Large_5052_resized_dddf2092-66c5-459f-ae9a-bf48a4eb265d_grande.jpeg", "price"=>"2.29"}, "commit"=>"Create Product"}
  [1m[35m (0.0ms)[0m  [1m[36mbegin transaction[0m
  [1m[35mSQL (0.5ms)[0m  [1m[32mINSERT INTO "products" ("title", "description", "image_url", "price", "created_at", "updated_at") VALUES (?, ?, ?, ?, ?, ?)[0m  [["title", "Pineapple"], ["description", "<p>\r\n<em>Golden pineapples from Spain </em>\r\nGreat organic pineapples from Spain without even the..\r\n</p>"], ["image_url", "Pineapple_Large_5052_resized_dddf2092-66c5-459f-ae9a-bf48a4eb265d_grande.jpeg"], ["price", 2.29], ["created_at", "2018-11-09 17:07:00.321892"], ["updated_at", "2018-11-09 17:07:00.321892"]]
  [1m[35m (3.3ms)[0m  [1m[36mcommit transaction[0m
Redirected to http://localhost:3000/products/2
Completed 302 Found in 9ms (ActiveRecord: 4.1ms)


Started GET "/products/2" for 127.0.0.1 at 2018-11-09 18:07:00 +0100
Processing by ProductsController#show as HTML
  Parameters: {"id"=>"2"}
  [1m[36mProduct Load (0.2ms)[0m  [1m[34mSELECT  "products".* FROM "products" WHERE "products"."id" = ? LIMIT ?[0m  [["id", 2], ["LIMIT", 1]]
  Rendering products/show.html.erb within layouts/application
  Rendered products/show.html.erb within layouts/application (0.9ms)
Completed 200 OK in 28ms (Views: 22.6ms | ActiveRecord: 0.2ms)


Started GET "/products" for 127.0.0.1 at 2018-11-09 18:07:02 +0100
Processing by ProductsController#index as HTML
  Rendering products/index.html.erb within layouts/application
  [1m[36mProduct Load (0.6ms)[0m  [1m[34mSELECT "products".* FROM "products"[0m
  Rendered products/index.html.erb within layouts/application (4.3ms)
Completed 200 OK in 30ms (Views: 25.5ms | ActiveRecord: 0.6ms)


Started GET "/products" for 127.0.0.1 at 2018-11-12 20:45:20 +0100
  [1m[35m (0.5ms)[0m  [1m[34mSELECT "schema_migrations"."version" FROM "schema_migrations" ORDER BY "schema_migrations"."version" ASC[0m
Processing by ProductsController#index as HTML
  Rendering products/index.html.erb within layouts/application
  [1m[36mProduct Load (0.4ms)[0m  [1m[34mSELECT "products".* FROM "products"[0m
  Rendered products/index.html.erb within layouts/application (12.7ms)
Completed 200 OK in 242ms (Views: 228.2ms | ActiveRecord: 0.9ms)


Started GET "/products" for 127.0.0.1 at 2018-11-12 20:45:30 +0100
Processing by ProductsController#index as HTML
  Rendering products/index.html.erb within layouts/application
  [1m[36mProduct Load (0.2ms)[0m  [1m[34mSELECT "products".* FROM "products"[0m
  Rendered products/index.html.erb within layouts/application (3.2ms)
Completed 200 OK in 21ms (Views: 18.0ms | ActiveRecord: 0.5ms)


Started GET "/" for 127.0.0.1 at 2018-11-17 13:32:00 +0100
  [1m[35m (0.7ms)[0m  [1m[34mSELECT "schema_migrations"."version" FROM "schema_migrations" ORDER BY "schema_migrations"."version" ASC[0m
Processing by Rails::WelcomeController#index as HTML
  Rendering /Users/kemal.afacan/.rbenv/versions/2.4.1/lib/ruby/gems/2.4.0/gems/railties-5.1.6/lib/rails/templates/rails/welcome/index.html.erb
  Rendered /Users/kemal.afacan/.rbenv/versions/2.4.1/lib/ruby/gems/2.4.0/gems/railties-5.1.6/lib/rails/templates/rails/welcome/index.html.erb (3.0ms)
Completed 200 OK in 21ms (Views: 10.0ms | ActiveRecord: 0.0ms)


Started GET "/" for 127.0.0.1 at 2018-11-17 13:32:04 +0100
Processing by Rails::WelcomeController#index as HTML
  Rendering /Users/kemal.afacan/.rbenv/versions/2.4.1/lib/ruby/gems/2.4.0/gems/railties-5.1.6/lib/rails/templates/rails/welcome/index.html.erb
  Rendered /Users/kemal.afacan/.rbenv/versions/2.4.1/lib/ruby/gems/2.4.0/gems/railties-5.1.6/lib/rails/templates/rails/welcome/index.html.erb (2.3ms)
Completed 200 OK in 10ms (Views: 5.8ms | ActiveRecord: 0.0ms)


Started GET "/products/new" for 127.0.0.1 at 2018-11-17 13:32:06 +0100
Processing by ProductsController#new as HTML
  Rendering products/new.html.erb within layouts/application
  Rendered products/_form.html.erb (19.5ms)
  Rendered products/new.html.erb within layouts/application (24.7ms)
Completed 200 OK in 261ms (Views: 248.2ms | ActiveRecord: 0.7ms)


Started GET "/products" for 127.0.0.1 at 2018-11-17 13:32:08 +0100
Processing by ProductsController#index as HTML
  Rendering products/index.html.erb within layouts/application
  [1m[36mProduct Load (0.5ms)[0m  [1m[34mSELECT "products".* FROM "products"[0m
  Rendered products/index.html.erb within layouts/application (5.6ms)
Completed 200 OK in 31ms (Views: 27.1ms | ActiveRecord: 0.5ms)


  [1m[35m (0.7ms)[0m  [1m[34mSELECT "schema_migrations"."version" FROM "schema_migrations" ORDER BY "schema_migrations"."version" ASC[0m
  [1m[35mSQL (2.5ms)[0m  [1m[31mDELETE FROM "products"[0m
  [1m[35m (0.0ms)[0m  [1m[36mbegin transaction[0m
  [1m[35mSQL (0.7ms)[0m  [1m[32mINSERT INTO "products" ("title", "description", "image_url", "price", "created_at", "updated_at") VALUES (?, ?, ?, ?, ?, ?)[0m  [["title", "Rails, Angular, Postgres, and Bootstrap"], ["description", "<p>\n      <em>Powerful, Effective, and Efficient Full-Stack Web Development</em>\n      As a Rails developer, you care about user experience and performance,\n      but you also want simple and maintainable code. Achieve all that by\n      embracing the full stack of web development, from styling with\n      Bootstrap, building an interactive user interface with AngularJS, to\n      storing data quickly and reliably in PostgreSQL. Take a holistic view of\n      full-stack development to create usable, high-performing applications,\n      and learn to use these technologies effectively in a Ruby on Rails\n      environment.\n      </p>"], ["image_url", "dcbang.jpg"], ["price", 45.0], ["created_at", "2018-11-18 10:04:46.770766"], ["updated_at", "2018-11-18 10:04:46.770766"]]
  [1m[35m (0.8ms)[0m  [1m[36mcommit transaction[0m
  [1m[35m (0.0ms)[0m  [1m[36mbegin transaction[0m
  [1m[35mSQL (0.3ms)[0m  [1m[32mINSERT INTO "products" ("title", "description", "image_url", "price", "created_at", "updated_at") VALUES (?, ?, ?, ?, ?, ?)[0m  [["title", "Seven Mobile Apps in Seven Weeks"], ["description", "<p>\n      <em>Native Apps, Multiple Platforms</em>\n      Answer the question “Can we build this for ALL the devices?” with a\n      resounding YES. This book will help you get there with a real-world\n      introduction to seven platforms, whether you’re new to mobile or an\n      experienced developer needing to expand your options. Plus, you’ll find\n      out which cross-platform solution makes the most sense for your needs.\n      </p>"], ["image_url", "7apps.jpg"], ["price", 26.0], ["created_at", "2018-11-18 10:04:46.775124"], ["updated_at", "2018-11-18 10:04:46.775124"]]
  [1m[35m (1.2ms)[0m  [1m[36mcommit transaction[0m
  [1m[35m (0.1ms)[0m  [1m[36mbegin transaction[0m
  [1m[35mSQL (0.3ms)[0m  [1m[32mINSERT INTO "products" ("title", "description", "image_url", "price", "created_at", "updated_at") VALUES (?, ?, ?, ?, ?, ?)[0m  [["title", "Ruby Performance Optimization"], ["description", "<p>\n      <em>Why Ruby Is Slow, and How to Fix It</em> \n      You don’t have to accept slow Ruby or Rails performance. In this\n      comprehensive guide to Ruby optimization, you’ll learn how to write\n      faster Ruby code—but that’s just the beginning. See exactly what makes\n      Ruby and Rails code slow, and how to fix it. Alex Dymo will guide you\n      through perils of memory and CPU optimization, profiling, measuring,\n      performance testing, garbage collection, and tuning. You’ll find that\n      all those “hard” things aren’t so difficult after all, and your code\n      will run orders of magnitude faster.\n      </p>"], ["image_url", "adrpo.jpg"], ["price", 46.0], ["created_at", "2018-11-18 10:04:46.777606"], ["updated_at", "2018-11-18 10:04:46.777606"]]
  [1m[35m (1.2ms)[0m  [1m[36mcommit transaction[0m
Started GET "/products" for 127.0.0.1 at 2018-11-18 12:02:34 +0100
  [1m[35m (0.6ms)[0m  [1m[34mSELECT "schema_migrations"."version" FROM "schema_migrations" ORDER BY "schema_migrations"."version" ASC[0m
Processing by ProductsController#index as HTML
  Rendering products/index.html.erb within layouts/application
  [1m[36mProduct Load (0.6ms)[0m  [1m[34mSELECT "products".* FROM "products"[0m
  Rendered products/index.html.erb within layouts/application (300.7ms)
Completed 200 OK in 351ms (Views: 337.4ms | ActiveRecord: 1.2ms)


Started GET "/products/3" for 127.0.0.1 at 2018-11-18 18:35:35 +0100
  [1m[35m (0.5ms)[0m  [1m[34mSELECT "schema_migrations"."version" FROM "schema_migrations" ORDER BY "schema_migrations"."version" ASC[0m
Processing by ProductsController#show as HTML
  Parameters: {"id"=>"3"}
  [1m[36mProduct Load (0.7ms)[0m  [1m[34mSELECT  "products".* FROM "products" WHERE "products"."id" = ? LIMIT ?[0m  [["id", 3], ["LIMIT", 1]]
  Rendering products/show.html.erb within layouts/application
  Rendered products/show.html.erb within layouts/application (2.1ms)
Completed 200 OK in 284ms (Views: 257.1ms | ActiveRecord: 1.2ms)


Started GET "/products" for 127.0.0.1 at 2018-11-18 18:35:37 +0100
Processing by ProductsController#index as HTML
  Rendering products/index.html.erb within layouts/application
  [1m[36mProduct Load (0.1ms)[0m  [1m[34mSELECT "products".* FROM "products"[0m
  Rendered products/index.html.erb within layouts/application (22.5ms)
Completed 200 OK in 52ms (Views: 47.5ms | ActiveRecord: 0.4ms)


Started GET "/products/3" for 127.0.0.1 at 2018-11-18 18:35:39 +0100
Processing by ProductsController#show as HTML
  Parameters: {"id"=>"3"}
  [1m[36mProduct Load (0.3ms)[0m  [1m[34mSELECT  "products".* FROM "products" WHERE "products"."id" = ? LIMIT ?[0m  [["id", 3], ["LIMIT", 1]]
  Rendering products/show.html.erb within layouts/application
  Rendered products/show.html.erb within layouts/application (2.4ms)
Completed 200 OK in 40ms (Views: 35.3ms | ActiveRecord: 0.3ms)


Started GET "/products" for 127.0.0.1 at 2018-11-18 18:35:41 +0100
Processing by ProductsController#index as HTML
  Rendering products/index.html.erb within layouts/application
  [1m[36mProduct Load (0.4ms)[0m  [1m[34mSELECT "products".* FROM "products"[0m
  Rendered products/index.html.erb within layouts/application (14.2ms)
Completed 200 OK in 48ms (Views: 44.1ms | ActiveRecord: 0.4ms)


Started GET "/products/5/edit" for 127.0.0.1 at 2018-11-18 18:35:47 +0100
Processing by ProductsController#edit as HTML
  Parameters: {"id"=>"5"}
  [1m[36mProduct Load (0.2ms)[0m  [1m[34mSELECT  "products".* FROM "products" WHERE "products"."id" = ? LIMIT ?[0m  [["id", 5], ["LIMIT", 1]]
  Rendering products/edit.html.erb within layouts/application
  Rendered products/_form.html.erb (23.3ms)
  Rendered products/edit.html.erb within layouts/application (29.6ms)
Completed 200 OK in 67ms (Views: 57.6ms | ActiveRecord: 0.2ms)


Started PATCH "/products/5" for 127.0.0.1 at 2018-11-18 18:35:58 +0100
Processing by ProductsController#update as HTML
  Parameters: {"utf8"=>"✓", "authenticity_token"=>"RT8YJIXzE9rMlUHZDlaqj4PL+ROlijwMyIRLHSG6fhSIoXMpEmJw7KpnnYy6UyEzRJrJK8gDdXLVsEAMNcxO2Q==", "product"=>{"title"=>"Ruby Performance Optimization", "description"=>"<p>\r\n      <em>Why Ruby Is Slow, and How to Fix It.</em> \r\n      You don’t have to accept slow Ruby or Rails performance. In this\r\n      comprehensive guide to Ruby optimization, you’ll learn how to write\r\n      faster Ruby code—but that’s just the beginning. See exactly what makes\r\n      Ruby and Rails code slow, and how to fix it. Alex Dymo will guide you\r\n      through perils of memory and CPU optimization, profiling, measuring,\r\n      performance testing, garbage collection, and tuning. You’ll find that\r\n      all those “hard” things aren’t so difficult after all, and your code\r\n      will run orders of magnitude faster.\r\n      </p>", "image_url"=>"adrpo.jpg", "price"=>"46.0"}, "commit"=>"Update Product", "id"=>"5"}
  [1m[36mProduct Load (0.2ms)[0m  [1m[34mSELECT  "products".* FROM "products" WHERE "products"."id" = ? LIMIT ?[0m  [["id", 5], ["LIMIT", 1]]
  [1m[35m (0.1ms)[0m  [1m[36mbegin transaction[0m
  [1m[35mSQL (0.5ms)[0m  [1m[33mUPDATE "products" SET "description" = ?, "updated_at" = ? WHERE "products"."id" = ?[0m  [["description", "<p>\r\n      <em>Why Ruby Is Slow, and How to Fix It.</em> \r\n      You don’t have to accept slow Ruby or Rails performance. In this\r\n      comprehensive guide to Ruby optimization, you’ll learn how to write\r\n      faster Ruby code—but that’s just the beginning. See exactly what makes\r\n      Ruby and Rails code slow, and how to fix it. Alex Dymo will guide you\r\n      through perils of memory and CPU optimization, profiling, measuring,\r\n      performance testing, garbage collection, and tuning. You’ll find that\r\n      all those “hard” things aren’t so difficult after all, and your code\r\n      will run orders of magnitude faster.\r\n      </p>"], ["updated_at", "2018-11-18 17:35:58.105439"], ["id", 5]]
  [1m[35m (1.4ms)[0m  [1m[36mcommit transaction[0m
Redirected to http://localhost:3000/products/5
Completed 302 Found in 7ms (ActiveRecord: 2.1ms)


Started GET "/products/5" for 127.0.0.1 at 2018-11-18 18:35:58 +0100
Processing by ProductsController#show as HTML
  Parameters: {"id"=>"5"}
  [1m[36mProduct Load (0.2ms)[0m  [1m[34mSELECT  "products".* FROM "products" WHERE "products"."id" = ? LIMIT ?[0m  [["id", 5], ["LIMIT", 1]]
  Rendering products/show.html.erb within layouts/application
  Rendered products/show.html.erb within layouts/application (0.7ms)
Completed 200 OK in 23ms (Views: 20.2ms | ActiveRecord: 0.2ms)


Started GET "/products" for 127.0.0.1 at 2018-11-18 18:35:59 +0100
Processing by ProductsController#index as HTML
  Rendering products/index.html.erb within layouts/application
  [1m[36mProduct Load (0.4ms)[0m  [1m[34mSELECT "products".* FROM "products"[0m
  Rendered products/index.html.erb within layouts/application (12.0ms)
Completed 200 OK in 40ms (Views: 36.4ms | ActiveRecord: 0.4ms)


Started GET "/products" for 127.0.0.1 at 2018-12-14 15:01:15 +0100
  [1m[35m (0.4ms)[0m  [1m[34mSELECT "schema_migrations"."version" FROM "schema_migrations" ORDER BY "schema_migrations"."version" ASC[0m
Processing by ProductsController#index as HTML
  Rendering products/index.html.erb within layouts/application
  [1m[36mProduct Load (0.6ms)[0m  [1m[34mSELECT "products".* FROM "products"[0m
  Rendered products/index.html.erb within layouts/application (208.1ms)
Completed 200 OK in 261ms (Views: 248.1ms | ActiveRecord: 1.1ms)


